d:\ass22018mtrn\ass22018mtrn\debug\vc141.pdb
d:\ass22018mtrn\ass22018mtrn\debug\vc141.idb
d:\ass22018mtrn\ass22018mtrn\debug\camera.obj
d:\ass22018mtrn\ass22018mtrn\debug\cyclinder.obj
d:\ass22018mtrn\ass22018mtrn\debug\frustum.obj
d:\ass22018mtrn\ass22018mtrn\debug\ground.obj
d:\ass22018mtrn\ass22018mtrn\debug\hud.obj
d:\ass22018mtrn\ass22018mtrn\debug\keymanager.obj
d:\ass22018mtrn\ass22018mtrn\debug\main.obj
d:\ass22018mtrn\ass22018mtrn\debug\messages.obj
d:\ass22018mtrn\ass22018mtrn\debug\myvehicle.obj
d:\ass22018mtrn\ass22018mtrn\debug\obstacle.obj
d:\ass22018mtrn\ass22018mtrn\debug\obstaclemanager.obj
d:\ass22018mtrn\ass22018mtrn\debug\quaternion.obj
d:\ass22018mtrn\ass22018mtrn\debug\rectangularprism.obj
d:\ass22018mtrn\ass22018mtrn\debug\remotedatamanager.obj
d:\ass22018mtrn\ass22018mtrn\debug\shape.obj
d:\ass22018mtrn\ass22018mtrn\debug\trapezodialprism.obj
d:\ass22018mtrn\ass22018mtrn\debug\triangularprism.obj
d:\ass22018mtrn\ass22018mtrn\debug\vectormaths.obj
d:\ass22018mtrn\ass22018mtrn\debug\vehicle.obj
d:\ass22018mtrn\ass22018mtrn\debug\disk.obj
d:\ass22018mtrn\debug\ass22018mtrn.ilk
d:\ass22018mtrn\debug\ass22018mtrn.exe
d:\ass22018mtrn\debug\ass22018mtrn.pdb
d:\ass22018mtrn\ass22018mtrn\debug\ass22018mtrn.tlog\cl.read.1.tlog
d:\ass22018mtrn\ass22018mtrn\debug\ass22018mtrn.tlog\cl.write.1.tlog
d:\ass22018mtrn\ass22018mtrn\debug\ass22018mtrn.tlog\cl.command.1.tlog
d:\ass22018mtrn\ass22018mtrn\debug\ass22018mtrn.tlog\link.read.1.tlog
d:\ass22018mtrn\ass22018mtrn\debug\ass22018mtrn.tlog\link.write.1.tlog
d:\ass22018mtrn\ass22018mtrn\debug\ass22018mtrn.tlog\link.command.1.tlog
